<?xml version="1.0" encoding="UTF-8"?>
<!-- Generated by org.testng.reporters.JUnitXMLReporter -->
<testsuite hostname="DESKTOP-BGTQG5D" ignored="3" name="Default test" tests="1" failures="0" timestamp="2022-01-03T14:14:25 IST" time="99.189" errors="0">
  <testcase name="testcase4" time="99.088" classname="appium.mobileframework.demo1"/>
  <testcase name="testcase2" time="0.0" classname="appium.mobileframework.demo1">
    <ignored/>
  </testcase> <!-- testcase2 -->
  <testcase name="testcase3" time="0.0" classname="appium.mobileframework.demo1">
    <ignored/>
  </testcase> <!-- testcase3 -->
  <testcase name="testcase1" time="0.0" classname="appium.mobileframework.demo1">
    <ignored/>
  </testcase> <!-- testcase1 -->
</testsuite> <!-- Default test -->
