<?xml version="1.0" encoding="UTF-8"?>
<testng-results skipped="0" failed="0" ignored="3" total="4" passed="1">
  <reporter-output>
  </reporter-output>
  <suite name="Suite" duration-ms="84405" started-at="2022-01-03T14:32:51 IST" finished-at="2022-01-03T14:34:16 IST">
    <groups>
    </groups>
    <test name="Test" duration-ms="84405" started-at="2022-01-03T14:32:51 IST" finished-at="2022-01-03T14:34:16 IST">
      <class name="appium.mobileframework.demo1">
        <test-method status="PASS" signature="BT()[pri:0, instance:appium.mobileframework.demo1@15b3e5b]" name="BT" is-config="true" duration-ms="10" started-at="2022-01-03T14:32:51 IST" finished-at="2022-01-03T14:32:51 IST">
          <reporter-output>
          </reporter-output>
        </test-method> <!-- BT -->
        <test-method status="PASS" signature="testcase4()[pri:0, instance:appium.mobileframework.demo1@15b3e5b]" name="testcase4" duration-ms="84328" started-at="2022-01-03T14:32:51 IST" finished-at="2022-01-03T14:34:16 IST">
          <reporter-output>
          </reporter-output>
        </test-method> <!-- testcase4 -->
      </class> <!-- appium.mobileframework.demo1 -->
    </test> <!-- Test -->
  </suite> <!-- Suite -->
</testng-results>
